app/build/outputs/logs/manifest-merger-debug-report.txt
-- Merging decision tree log ---
manifest
ADDED from src\main\AndroidManifest.xml:1:1-649:12
INJECTED from src\main\AndroidManifest.xml:1:1-649:12
INJECTED from src\main\AndroidManifest.xml:1:1-649:12
INJECTED from src\main\AndroidManifest.xml:1:1-649:12
MERGED from [com.android.support:multidex:1.0.3] AndroidManifest.xml:17:1-22:12
MERGED from [me.dm7.barcodescanner:zbar:1.9] AndroidManifest.xml:2:1-13:12
MERGED from [com.android.support:cardview-v7:25.4.0] AndroidManifest.xml:17:1-28:12
MERGED from [com.android.support:design:25.4.0] AndroidManifest.xml:17:1-31:12
MERGED from [com.android.support:recyclerview-v7:25.4.0] AndroidManifest.xml:17:1-28:12
MERGED from [com.uber.sdk:rides-android:0.5.3] AndroidManifest.xml:23:1-43:12
MERGED from [org.florescu.android.rangeseekbar:rangeseekbar-library:0.3.0] AndroidManifest.xml:2:1-11:12
MERGED from [com.uber.sdk:core-android:0.5.3] AndroidManifest.xml:23:1-39:12
MERGED from [com.google.android.gms:play-services:9.0.0] AndroidManifest.xml:2:1-6:12
MERGED from [com.google.android.gms:play-services-cast:9.0.0] AndroidManifest.xml:16:1-20:12
MERGED from [com.android.support:mediarouter-v7:23.0.0] AndroidManifest.xml:17:1-24:12
MERGED from [com.android.support:appcompat-v7:25.4.0] AndroidManifest.xml:17:1-31:12
MERGED from [:app122016-release] AndroidManifest.xml:2:1-71:12
MERGED from [:app-release] AndroidManifest.xml:2:1-177:12
MERGED from [:custom_browser] AndroidManifest.xml:2:1-33:12
MERGED from [:chirp-sdk-release-2.5.2] AndroidManifest.xml:2:1-24:12
MERGED from [com.android.volley:volley:1.1.0] AndroidManifest.xml:2:1-11:12
MERGED from [:truesdk-0.6] AndroidManifest.xml:17:1-25:12
MERGED from [com.android.support.constraint:constraint-layout:1.1.3] AndroidManifest.xml:2:1-11:12
MERGED from [me.relex:circleindicator:1.2.2] AndroidManifest.xml:2:1-12:12
MERGED from [me.dm7.barcodescanner:core:1.9] AndroidManifest.xml:2:1-13:12
MERGED from [com.android.support:transition:25.4.0] AndroidManifest.xml:17:1-28:12
MERGED from [com.google.android.gms:play-services-ads:9.0.0] AndroidManifest.xml:16:1-20:12
MERGED from [com.google.android.gms:play-services-ads-lite:9.0.0] AndroidManifest.xml:16:1-33:12
MERGED from [com.google.android.gms:play-services-analytics:9.0.0] AndroidManifest.xml:16:1-28:12
MERGED from [com.google.android.gms:play-services-tagmanager:9.0.0] AndroidManifest.xml:16:1-19:12
MERGED from [com.google.android.gms:play-services-analytics-impl:9.0.0] AndroidManifest.xml:16:1-28:12
MERGED from [com.google.android.gms:play-services-appinvite:9.0.0] AndroidManifest.xml:16:1-31:12
MERGED from [com.google.android.gms:play-services-auth:9.0.0] AndroidManifest.xml:16:1-33:12
MERGED from [com.google.android.gms:play-services-games:9.0.0] AndroidManifest.xml:16:1-20:12
MERGED from [com.google.android.gms:play-services-plus:9.0.0] AndroidManifest.xml:16:1-20:12
MERGED from [com.google.android.gms:play-services-auth-base:9.0.0] AndroidManifest.xml:2:1-6:12
MERGED from [com.google.firebase:firebase-config:9.0.0] AndroidManifest.xml:16:1-20:12
MERGED from [com.google.firebase:firebase-crash:9.0.0] AndroidManifest.xml:16:1-34:12
MERGED from [com.google.android.gms:play-services-drive:9.0.0] AndroidManifest.xml:16:1-20:12
MERGED from [com.google.firebase:firebase-auth:9.0.0] AndroidManifest.xml:16:1-22:12
MERGED from [com.google.firebase:firebase-auth-common:9.0.0] AndroidManifest.xml:16:1-22:12
MERGED from [com.google.firebase:firebase-auth-module:9.0.0] AndroidManifest.xml:2:1-6:12
MERGED from [com.google.firebase:firebase-database:9.0.0] AndroidManifest.xml:2:1-6:12
MERGED from [com.google.firebase:firebase-database-connection:9.0.0] AndroidManifest.xml:2:1-6:12
MERGED from [com.google.firebase:firebase-storage:9.0.0] AndroidManifest.xml:2:1-6:12
MERGED from [com.google.firebase:firebase-storage-common:9.0.0] AndroidManifest.xml:2:1-6:12
MERGED from [com.google.android.gms:play-services-fitness:9.0.0] AndroidManifest.xml:16:1-20:12
MERGED from [com.google.android.gms:play-services-gcm:9.0.0] AndroidManifest.xml:16:1-25:12
MERGED from [com.google.android.gms:play-services-appindexing:9.0.0] AndroidManifest.xml:16:1-20:12
MERGED from [com.google.android.gms:play-services-wallet:9.0.0] AndroidManifest.xml:16:1-21:12
MERGED from [com.google.android.gms:play-services-identity:9.0.0] AndroidManifest.xml:16:1-20:12
MERGED from [com.google.android.gms:play-services-iid:9.0.0] AndroidManifest.xml:16:1-25:12
MERGED from [com.google.android.gms:play-services-location:9.0.0] AndroidManifest.xml:16:1-20:12
MERGED from [com.google.android.gms:play-services-maps:9.0.0] AndroidManifest.xml:16:1-28:12
MERGED from [com.google.android.gms:play-services-tagmanager-api:9.0.0] AndroidManifest.xml:16:1-39:12
MERGED from [com.google.firebase:firebase-analytics:9.0.0] AndroidManifest.xml:16:1-42:12
MERGED from [com.google.firebase:firebase-analytics-impl:9.0.0] AndroidManifest.xml:16:1-42:12
MERGED from [com.google.android.gms:play-services-nearby:9.0.0] AndroidManifest.xml:16:1-21:12
MERGED from [com.google.android.gms:play-services-panorama:9.0.0] AndroidManifest.xml:16:1-20:12
MERGED from [com.google.android.gms:play-services-safetynet:9.0.0] AndroidManifest.xml:16:1-20:12
MERGED from [com.google.android.gms:play-services-vision:9.0.0] AndroidManifest.xml:2:1-6:12
MERGED from [com.google.android.gms:play-services-wearable:9.0.0] AndroidManifest.xml:16:1-20:12
MERGED from [com.google.android.gms:play-services-base:9.0.0] AndroidManifest.xml:16:1-24:12
MERGED from [com.google.firebase:firebase-messaging:9.0.0] AndroidManifest.xml:16:1-33:12
MERGED from [com.google.firebase:firebase-iid:9.0.0] AndroidManifest.xml:16:1-60:12
MERGED from [com.google.firebase:firebase-common:9.0.0] AndroidManifest.xml:2:1-13:12
MERGED from [com.google.android.gms:play-services-tasks:9.0.0] AndroidManifest.xml:2:1-6:12
MERGED from [com.google.android.gms:play-services-basement:9.0.0] AndroidManifest.xml:16:1-26:12
MERGED from [com.android.support:support-v4:25.4.0] AndroidManifest.xml:17:1-31:12
MERGED from [com.android.support:animated-vector-drawable:25.4.0] AndroidManifest.xml:17:1-28:12
MERGED from [com.android.support:support-fragment:25.4.0] AndroidManifest.xml:17:1-31:12
MERGED from [com.android.support:support-core-ui:25.4.0] AndroidManifest.xml:17:1-31:12
MERGED from [com.android.support:support-vector-drawable:25.4.0] AndroidManifest.xml:17:1-28:12
MERGED from [com.android.support:support-media-compat:25.4.0] AndroidManifest.xml:17:1-31:12
MERGED from [com.android.support:support-core-utils:25.4.0] AndroidManifest.xml:17:1-31:12
MERGED from [com.android.support:support-compat:25.4.0] AndroidManifest.xml:17:1-31:12
INJECTED from src\main\AndroidManifest.xml:1:1-649:12
INJECTED from src\main\AndroidManifest.xml:1:1-649:12
INJECTED from src\main\AndroidManifest.xml:1:1-649:12
	package
		ADDED from src\main\AndroidManifest.xml:3:5-40
		INJECTED from src\main\AndroidManifest.xml
		INJECTED from src\main\AndroidManifest.xml
	android:versionName
		INJECTED from src\main\AndroidManifest.xml
		ADDED from src\main\AndroidManifest.xml:1:1-649:12
		INJECTED from src\main\AndroidManifest.xml
	xmlns:tools
		ADDED from src\main\AndroidManifest.xml:2:5-51
	android:versionCode
		INJECTED from src\main\AndroidManifest.xml
		ADDED from src\main\AndroidManifest.xml:1:1-649:12
		INJECTED from src\main\AndroidManifest.xml
	xmlns:android
		ADDED from src\main\AndroidManifest.xml:1:11-69
uses-sdk
ADDED from src\main\AndroidManifest.xml:4:5-5:16
INJECTED from src\main\AndroidManifest.xml:4:5-5:16
INJECTED from src\main\AndroidManifest.xml:4:5-5:16
MERGED from [com.android.support:multidex:1.0.3] AndroidManifest.xml:20:5-43
MERGED from [com.android.support:multidex:1.0.3] AndroidManifest.xml:20:5-43
MERGED from [me.dm7.barcodescanner:zbar:1.9] AndroidManifest.xml:7:5-9:41
MERGED from [me.dm7.barcodescanner:zbar:1.9] AndroidManifest.xml:7:5-9:41
MERGED from [com.android.support:cardview-v7:25.4.0] AndroidManifest.xml:20:5-43
MERGED from [com.android.support:cardview-v7:25.4.0] AndroidManifest.xml:20:5-43
MERGED from [com.android.support:design:25.4.0] AndroidManifest.xml:21:5-23:62
MERGED from [com.android.support:design:25.4.0] AndroidManifest.xml:21:5-23:62
MERGED from [com.android.support:recyclerview-v7:25.4.0] AndroidManifest.xml:20:5-43
MERGED from [com.android.support:recyclerview-v7:25.4.0] AndroidManifest.xml:20:5-43
MERGED from [com.uber.sdk:rides-android:0.5.3] AndroidManifest.xml:27:5-44
MERGED from [com.uber.sdk:rides-android:0.5.3] AndroidManifest.xml:27:5-44
MERGED from [org.florescu.android.rangeseekbar:rangeseekbar-library:0.3.0] AndroidManifest.xml:7:5-9:41
MERGED from [org.florescu.android.rangeseekbar:rangeseekbar-library:0.3.0] AndroidManifest.xml:7:5-9:41
MERGED from [com.uber.sdk:core-android:0.5.3] AndroidManifest.xml:27:5-44
MERGED from [com.uber.sdk:core-android:0.5.3] AndroidManifest.xml:27:5-44
MERGED from [com.google.android.gms:play-services:9.0.0] AndroidManifest.xml:4:5-42
MERGED from [com.google.android.gms:play-services:9.0.0] AndroidManifest.xml:4:5-42
MERGED from [com.google.android.gms:play-services-cast:9.0.0] AndroidManifest.xml:18:5-42
MERGED from [com.google.android.gms:play-services-cast:9.0.0] AndroidManifest.xml:18:5-42
MERGED from [com.android.support:mediarouter-v7:23.0.0] AndroidManifest.xml:20:5-43
MERGED from [com.android.support:mediarouter-v7:23.0.0] AndroidManifest.xml:20:5-43
MERGED from [com.android.support:appcompat-v7:25.4.0] AndroidManifest.xml:21:5-23:78
MERGED from [com.android.support:appcompat-v7:25.4.0] AndroidManifest.xml:21:5-23:78
MERGED from [:app122016-release] AndroidManifest.xml:7:5-44
MERGED from [:app122016-release] AndroidManifest.xml:7:5-44
MERGED from [:app-release] AndroidManifest.xml:7:5-9:41
MERGED from [:app-release] AndroidManifest.xml:7:5-9:41
MERGED from [:custom_browser] AndroidManifest.xml:7:5-9:41
MERGED from [:custom_browser] AndroidManifest.xml:7:5-9:41
MERGED from [:chirp-sdk-release-2.5.2] AndroidManifest.xml:7:5-9:41
MERGED from [:chirp-sdk-release-2.5.2] AndroidManifest.xml:7:5-9:41
MERGED from [com.android.volley:volley:1.1.0] AndroidManifest.xml:7:5-43
MERGED from [com.android.volley:volley:1.1.0] AndroidManifest.xml:7:5-43
MERGED from [:truesdk-0.6] AndroidManifest.xml:21:5-23:41
MERGED from [:truesdk-0.6] AndroidManifest.xml:21:5-23:41
MERGED from [com.android.support.constraint:constraint-layout:1.1.3] AndroidManifest.xml:5:5-7:41
MERGED from [com.android.support.constraint:constraint-layout:1.1.3] AndroidManifest.xml:5:5-7:41
MERGED from [me.relex:circleindicator:1.2.2] AndroidManifest.xml:8:5-10:41
MERGED from [me.relex:circleindicator:1.2.2] AndroidManifest.xml:8:5-10:41
MERGED from [me.dm7.barcodescanner:core:1.9] AndroidManifest.xml:7:5-9:41
MERGED from [me.dm7.barcodescanner:core:1.9] AndroidManifest.xml:7:5-9:41
MERGED from [com.android.support:transition:25.4.0] AndroidManifest.xml:20:5-44
MERGED from [com.android.support:transition:25.4.0] AndroidManifest.xml:20:5-44
MERGED from [com.google.android.gms:play-services-ads:9.0.0] AndroidManifest.xml:19:5-42
MERGED from [com.google.android.gms:play-services-ads:9.0.0] AndroidManifest.xml:19:5-42
MERGED from [com.google.android.gms:play-services-ads-lite:9.0.0] AndroidManifest.xml:23:5-42
MERGED from [com.google.android.gms:play-services-ads-lite:9.0.0] AndroidManifest.xml:23:5-42
MERGED from [com.google.android.gms:play-services-analytics:9.0.0] AndroidManifest.xml:18:5-42
MERGED from [com.google.android.gms:play-services-analytics:9.0.0] AndroidManifest.xml:18:5-42
MERGED from [com.google.android.gms:play-services-tagmanager:9.0.0] AndroidManifest.xml:18:5-42
MERGED from [com.google.android.gms:play-services-tagmanager:9.0.0] AndroidManifest.xml:18:5-42
MERGED from [com.google.android.gms:play-services-analytics-impl:9.0.0] AndroidManifest.xml:18:5-42
MERGED from [com.google.android.gms:play-services-analytics-impl:9.0.0] AndroidManifest.xml:18:5-42
MERGED from [com.google.android.gms:play-services-appinvite:9.0.0] AndroidManifest.xml:18:5-42
MERGED from [com.google.android.gms:play-services-appinvite:9.0.0] AndroidManifest.xml:18:5-42
MERGED from [com.google.android.gms:play-services-auth:9.0.0] AndroidManifest.xml:18:5-43
MERGED from [com.google.android.gms:play-services-auth:9.0.0] AndroidManifest.xml:18:5-43
MERGED from [com.google.android.gms:play-services-games:9.0.0] AndroidManifest.xml:18:5-42
MERGED from [com.google.android.gms:play-services-games:9.0.0] AndroidManifest.xml:18:5-42
MERGED from [com.google.android.gms:play-services-plus:9.0.0] AndroidManifest.xml:18:5-42
MERGED from [com.google.android.gms:play-services-plus:9.0.0] AndroidManifest.xml:18:5-42
MERGED from [com.google.android.gms:play-services-auth-base:9.0.0] AndroidManifest.xml:5:5-43
MERGED from [com.google.android.gms:play-services-auth-base:9.0.0] AndroidManifest.xml:5:5-43
MERGED from [com.google.firebase:firebase-config:9.0.0] AndroidManifest.xml:18:5-42
MERGED from [com.google.firebase:firebase-config:9.0.0] AndroidManifest.xml:18:5-42
MERGED from [com.google.firebase:firebase-crash:9.0.0] AndroidManifest.xml:22:5-42
MERGED from [com.google.firebase:firebase-crash:9.0.0] AndroidManifest.xml:22:5-42
MERGED from [com.google.android.gms:play-services-drive:9.0.0] AndroidManifest.xml:18:5-42
MERGED from [com.google.android.gms:play-services-drive:9.0.0] AndroidManifest.xml:18:5-42
MERGED from [com.google.firebase:firebase-auth:9.0.0] AndroidManifest.xml:18:5-43
MERGED from [com.google.firebase:firebase-auth:9.0.0] AndroidManifest.xml:18:5-43
MERGED from [com.google.firebase:firebase-auth-common:9.0.0] AndroidManifest.xml:18:5-43
MERGED from [com.google.firebase:firebase-auth-common:9.0.0] AndroidManifest.xml:18:5-43
MERGED from [com.google.firebase:firebase-auth-module:9.0.0] AndroidManifest.xml:4:5-43
MERGED from [com.google.firebase:firebase-auth-module:9.0.0] AndroidManifest.xml:4:5-43
MERGED from [com.google.firebase:firebase-database:9.0.0] AndroidManifest.xml:5:5-43
MERGED from [com.google.firebase:firebase-database:9.0.0] AndroidManifest.xml:5:5-43
MERGED from [com.google.firebase:firebase-database-connection:9.0.0] AndroidManifest.xml:5:5-43
MERGED from [com.google.firebase:firebase-database-connection:9.0.0] AndroidManifest.xml:5:5-43
MERGED from [com.google.firebase:firebase-storage:9.0.0] AndroidManifest.xml:5:5-43
MERGED from [com.google.firebase:firebase-storage:9.0.0] AndroidManifest.xml:5:5-43
MERGED from [com.google.firebase:firebase-storage-common:9.0.0] AndroidManifest.xml:5:5-43
MERGED from [com.google.firebase:firebase-storage-common:9.0.0] AndroidManifest.xml:5:5-43
MERGED from [com.google.android.gms:play-services-fitness:9.0.0] AndroidManifest.xml:18:5-42
MERGED from [com.google.android.gms:play-services-fitness:9.0.0] AndroidManifest.xml:18:5-42
MERGED from [com.google.android.gms:play-services-gcm:9.0.0] AndroidManifest.xml:18:5-42
MERGED from [com.google.android.gms:play-services-gcm:9.0.0] AndroidManifest.xml:18:5-42
MERGED from [com.google.android.gms:play-services-appindexing:9.0.0] AndroidManifest.xml:18:5-42
MERGED from [com.google.android.gms:play-services-appindexing:9.0.0] AndroidManifest.xml:18:5-42
MERGED from [com.google.android.gms:play-services-wallet:9.0.0] AndroidManifest.xml:19:5-42
MERGED from [com.google.android.gms:play-services-wallet:9.0.0] AndroidManifest.xml:19:5-42
MERGED from [com.google.android.gms:play-services-identity:9.0.0] AndroidManifest.xml:18:5-42
MERGED from [com.google.android.gms:play-services-identity:9.0.0] AndroidManifest.xml:18:5-42
MERGED from [com.google.android.gms:play-services-iid:9.0.0] AndroidManifest.xml:18:5-42
MERGED from [com.google.android.gms:play-services-iid:9.0.0] AndroidManifest.xml:18:5-42
MERGED from [com.google.android.gms:play-services-location:9.0.0] AndroidManifest.xml:18:5-42
MERGED from [com.google.android.gms:play-services-location:9.0.0] AndroidManifest.xml:18:5-42
MERGED from [com.google.android.gms:play-services-maps:9.0.0] AndroidManifest.xml:26:5-42
MERGED from [com.google.android.gms:play-services-maps:9.0.0] AndroidManifest.xml:26:5-42
MERGED from [com.google.android.gms:play-services-tagmanager-api:9.0.0] AndroidManifest.xml:18:5-42
MERGED from [com.google.android.gms:play-services-tagmanager-api:9.0.0] AndroidManifest.xml:18:5-42
MERGED from [com.google.firebase:firebase-analytics:9.0.0] AndroidManifest.xml:18:5-42
MERGED from [com.google.firebase:firebase-analytics:9.0.0] AndroidManifest.xml:18:5-42
MERGED from [com.google.firebase:firebase-analytics-impl:9.0.0] AndroidManifest.xml:18:5-42
MERGED from [com.google.firebase:firebase-analytics-impl:9.0.0] AndroidManifest.xml:18:5-42
MERGED from [com.google.android.gms:play-services-nearby:9.0.0] AndroidManifest.xml:18:5-42
MERGED from [com.google.android.gms:play-services-nearby:9.0.0] AndroidManifest.xml:18:5-42
MERGED from [com.google.android.gms:play-services-panorama:9.0.0] AndroidManifest.xml:18:5-42
MERGED from [com.google.android.gms:play-services-panorama:9.0.0] AndroidManifest.xml:18:5-42
MERGED from [com.google.android.gms:play-services-safetynet:9.0.0] AndroidManifest.xml:18:5-42
MERGED from [com.google.android.gms:play-services-safetynet:9.0.0] AndroidManifest.xml:18:5-42
MERGED from [com.google.android.gms:play-services-vision:9.0.0] AndroidManifest.xml:4:5-42
MERGED from [com.google.android.gms:play-services-vision:9.0.0] AndroidManifest.xml:4:5-42
MERGED from [com.google.android.gms:play-services-wearable:9.0.0] AndroidManifest.xml:18:5-42
MERGED from [com.google.android.gms:play-services-wearable:9.0.0] AndroidManifest.xml:18:5-42
MERGED from [com.google.android.gms:play-services-base:9.0.0] AndroidManifest.xml:18:5-42
MERGED from [com.google.android.gms:play-services-base:9.0.0] AndroidManifest.xml:18:5-42
MERGED from [com.google.firebase:firebase-messaging:9.0.0] AndroidManifest.xml:18:5-42
MERGED from [com.google.firebase:firebase-messaging:9.0.0] AndroidManifest.xml:18:5-42
MERGED from [com.google.firebase:firebase-iid:9.0.0] AndroidManifest.xml:18:5-42
MERGED from [com.google.firebase:firebase-iid:9.0.0] AndroidManifest.xml:18:5-42
MERGED from [com.google.firebase:firebase-common:9.0.0] AndroidManifest.xml:4:5-43
MERGED from [com.google.firebase:firebase-common:9.0.0] AndroidManifest.xml:4:5-43
MERGED from [com.google.android.gms:play-services-tasks:9.0.0] AndroidManifest.xml:4:5-43
MERGED from [com.google.android.gms:play-services-tasks:9.0.0] AndroidManifest.xml:4:5-43
MERGED from [com.google.android.gms:play-services-basement:9.0.0] AndroidManifest.xml:18:5-42
MERGED from [com.google.android.gms:play-services-basement:9.0.0] AndroidManifest.xml:18:5-42
MERGED from [com.android.support:support-v4:25.4.0] AndroidManifest.xml:21:5-23:54
MERGED from [com.android.support:support-v4:25.4.0] AndroidManifest.xml:21:5-23:54
MERGED from [com.android.support:animated-vector-drawable:25.4.0] AndroidManifest.xml:20:5-44
MERGED from [com.android.support:animated-vector-drawable:25.4.0] AndroidManifest.xml:20:5-44
MERGED from [com.android.support:support-fragment:25.4.0] AndroidManifest.xml:21:5-23:60
MERGED from [com.android.support:support-fragment:25.4.0] AndroidManifest.xml:21:5-23:60
MERGED from [com.android.support:support-core-ui:25.4.0] AndroidManifest.xml:21:5-23:58
MERGED from [com.android.support:support-core-ui:25.4.0] AndroidManifest.xml:21:5-23:58
MERGED from [com.android.support:support-vector-drawable:25.4.0] AndroidManifest.xml:20:5-43
MERGED from [com.android.support:support-vector-drawable:25.4.0] AndroidManifest.xml:20:5-43
MERGED from [com.android.support:support-media-compat:25.4.0] AndroidManifest.xml:21:5-23:63
MERGED from [com.android.support:support-media-compat:25.4.0] AndroidManifest.xml:21:5-23:63
MERGED from [com.android.support:support-core-utils:25.4.0] AndroidManifest.xml:21:5-23:61
MERGED from [com.android.support:support-core-utils:25.4.0] AndroidManifest.xml:21:5-23:61
MERGED from [com.android.support:support-compat:25.4.0] AndroidManifest.xml:21:5-23:58
MERGED from [com.android.support:support-compat:25.4.0] AndroidManifest.xml:21:5-23:58
INJECTED from src\main\AndroidManifest.xml:4:5-5:16
INJECTED from src\main\AndroidManifest.xml:4:5-5:16
	tools:overrideLibrary
		ADDED from src\main\AndroidManifest.xml:4:15-51
	android:targetSdkVersion
		INJECTED from src\main\AndroidManifest.xml
		ADDED from src\main\AndroidManifest.xml:4:5-5:16
		INJECTED from src\main\AndroidManifest.xml
	android:minSdkVersion
		INJECTED from src\main\AndroidManifest.xml
		ADDED from src\main\AndroidManifest.xml:4:5-5:16
		INJECTED from src\main\AndroidManifest.xml
uses-permission#android.permission.ACCESS_WIFI_STATE
ADDED from src\main\AndroidManifest.xml:7:5-76
MERGED from [:app-release] AndroidManifest.xml:12:5-76
MERGED from [:app-release] AndroidManifest.xml:12:5-76
MERGED from [:custom_browser] AndroidManifest.xml:15:5-76
MERGED from [:custom_browser] AndroidManifest.xml:15:5-76
	android:name
		ADDED from src\main\AndroidManifest.xml:7:22-73
uses-permission#android.permission.STORAGE
ADDED from src\main\AndroidManifest.xml:8:5-66
	android:name
		ADDED from src\main\AndroidManifest.xml:8:22-63
uses-permission#android.permission.INTERNET
ADDED from src\main\AndroidManifest.xml:9:5-67
MERGED from [com.uber.sdk:rides-android:0.5.3] AndroidManifest.xml:30:5-67
MERGED from [com.uber.sdk:rides-android:0.5.3] AndroidManifest.xml:30:5-67
MERGED from [com.uber.sdk:core-android:0.5.3] AndroidManifest.xml:30:5-67
MERGED from [com.uber.sdk:core-android:0.5.3] AndroidManifest.xml:30:5-67
MERGED from [:app122016-release] AndroidManifest.xml:9:5-67
MERGED from [:app122016-release] AndroidManifest.xml:9:5-67
MERGED from [:app-release] AndroidManifest.xml:11:5-67
MERGED from [:app-release] AndroidManifest.xml:11:5-67
MERGED from [:custom_browser] AndroidManifest.xml:11:5-67
MERGED from [:custom_browser] AndroidManifest.xml:11:5-67
MERGED from [com.google.android.gms:play-services-ads-lite:9.0.0] AndroidManifest.xml:20:5-66
MERGED from [com.google.android.gms:play-services-ads-lite:9.0.0] AndroidManifest.xml:20:5-66
MERGED from [com.google.android.gms:play-services-analytics:9.0.0] AndroidManifest.xml:21:5-67
MERGED from [com.google.android.gms:play-services-analytics:9.0.0] AndroidManifest.xml:21:5-67
MERGED from [com.google.android.gms:play-services-analytics-impl:9.0.0] AndroidManifest.xml:21:5-67
MERGED from [com.google.android.gms:play-services-analytics-impl:9.0.0] AndroidManifest.xml:21:5-67
MERGED from [com.google.android.gms:play-services-appinvite:9.0.0] AndroidManifest.xml:19:5-67
MERGED from [com.google.android.gms:play-services-appinvite:9.0.0] AndroidManifest.xml:19:5-67
MERGED from [com.google.firebase:firebase-crash:9.0.0] AndroidManifest.xml:20:5-66
MERGED from [com.google.firebase:firebase-crash:9.0.0] AndroidManifest.xml:20:5-66
MERGED from [com.google.android.gms:play-services-gcm:9.0.0] AndroidManifest.xml:22:5-67
MERGED from [com.google.android.gms:play-services-gcm:9.0.0] AndroidManifest.xml:22:5-67
MERGED from [com.google.android.gms:play-services-iid:9.0.0] AndroidManifest.xml:22:5-67
MERGED from [com.google.android.gms:play-services-iid:9.0.0] AndroidManifest.xml:22:5-67
MERGED from [com.google.android.gms:play-services-maps:9.0.0] AndroidManifest.xml:21:5-66
MERGED from [com.google.android.gms:play-services-maps:9.0.0] AndroidManifest.xml:21:5-66
MERGED from [com.google.android.gms:play-services-tagmanager-api:9.0.0] AndroidManifest.xml:21:5-67
MERGED from [com.google.android.gms:play-services-tagmanager-api:9.0.0] AndroidManifest.xml:21:5-67
MERGED from [com.google.firebase:firebase-analytics:9.0.0] AndroidManifest.xml:21:5-67
MERGED from [com.google.firebase:firebase-analytics:9.0.0] AndroidManifest.xml:21:5-67
MERGED from [com.google.firebase:firebase-analytics-impl:9.0.0] AndroidManifest.xml:21:5-67
MERGED from [com.google.firebase:firebase-analytics-impl:9.0.0] AndroidManifest.xml:21:5-67
MERGED from [com.google.firebase:firebase-iid:9.0.0] AndroidManifest.xml:21:5-67
MERGED from [com.google.firebase:firebase-iid:9.0.0] AndroidManifest.xml:21:5-67
	android:name
		ADDED from src\main\AndroidManifest.xml:9:22-64
uses-permission#android.permission.ACCESS_NETWORK_STATE
ADDED from src\main\AndroidManifest.xml:10:5-79
MERGED from [:app122016-release] AndroidManifest.xml:10:5-79
MERGED from [:app122016-release] AndroidManifest.xml:10:5-79
MERGED from [:app-release] AndroidManifest.xml:17:5-79
MERGED from [:app-release] AndroidManifest.xml:17:5-79
MERGED from [:custom_browser] AndroidManifest.xml:12:5-79
MERGED from [:custom_browser] AndroidManifest.xml:12:5-79
MERGED from [com.google.android.gms:play-services-ads-lite:9.0.0] AndroidManifest.xml:21:5-78
MERGED from [com.google.android.gms:play-services-ads-lite:9.0.0] AndroidManifest.xml:21:5-78
MERGED from [com.google.android.gms:play-services-analytics:9.0.0] AndroidManifest.xml:22:5-79
MERGED from [com.google.android.gms:play-services-analytics:9.0.0] AndroidManifest.xml:22:5-79
MERGED from [com.google.android.gms:play-services-analytics-impl:9.0.0] AndroidManifest.xml:22:5-79
MERGED from [com.google.android.gms:play-services-analytics-impl:9.0.0] AndroidManifest.xml:22:5-79
MERGED from [com.google.android.gms:play-services-maps:9.0.0] AndroidManifest.xml:20:5-78
MERGED from [com.google.android.gms:play-services-maps:9.0.0] AndroidManifest.xml:20:5-78
MERGED from [com.google.android.gms:play-services-tagmanager-api:9.0.0] AndroidManifest.xml:22:5-79
MERGED from [com.google.android.gms:play-services-tagmanager-api:9.0.0] AndroidManifest.xml:22:5-79
MERGED from [com.google.firebase:firebase-analytics:9.0.0] AndroidManifest.xml:22:5-79
MERGED from [com.google.firebase:firebase-analytics:9.0.0] AndroidManifest.xml:22:5-79
MERGED from [com.google.firebase:firebase-analytics-impl:9.0.0] AndroidManifest.xml:22:5-79
MERGED from [com.google.firebase:firebase-analytics-impl:9.0.0] AndroidManifest.xml:22:5-79
MERGED from [com.google.android.gms:play-services-nearby:9.0.0] AndroidManifest.xml:19:5-79
MERGED from [com.google.android.gms:play-services-nearby:9.0.0] AndroidManifest.xml:19:5-79
MERGED from [com.google.firebase:firebase-iid:9.0.0] AndroidManifest.xml:20:5-79
MERGED from [com.google.firebase:firebase-iid:9.0.0] AndroidManifest.xml:20:5-79
	android:name
		ADDED from src\main\AndroidManifest.xml:10:22-76
uses-permission#android.permission.SEND_SMS
ADDED from src\main\AndroidManifest.xml:11:5-67
MERGED from [:app-release] AndroidManifest.xml:13:5-67
MERGED from [:app-release] AndroidManifest.xml:13:5-67
	android:name
		ADDED from src\main\AndroidManifest.xml:11:22-64
uses-permission#android.permission.READ_PHONE_STATE
ADDED from src\main\AndroidManifest.xml:12:5-75
MERGED from [:app122016-release] AndroidManifest.xml:11:5-75
MERGED from [:app122016-release] AndroidManifest.xml:11:5-75
MERGED from [:app-release] AndroidManifest.xml:15:5-75
MERGED from [:app-release] AndroidManifest.xml:15:5-75
	android:name
		ADDED from src\main\AndroidManifest.xml:12:22-72
uses-permission#android.permission.RECEIVE_SMS
ADDED from src\main\AndroidManifest.xml:13:5-70
MERGED from [:app122016-release] AndroidManifest.xml:13:5-70
MERGED from [:app122016-release] AndroidManifest.xml:13:5-70
MERGED from [:app-release] AndroidManifest.xml:19:5-70
MERGED from [:app-release] AndroidManifest.xml:19:5-70
MERGED from [:custom_browser] AndroidManifest.xml:13:5-70
MERGED from [:custom_browser] AndroidManifest.xml:13:5-70
	android:name
		ADDED from src\main\AndroidManifest.xml:13:22-67
uses-permission#android.permission.READ_SMS
ADDED from src\main\AndroidManifest.xml:14:5-67
MERGED from [:app122016-release] AndroidManifest.xml:12:5-67
MERGED from [:app122016-release] AndroidManifest.xml:12:5-67
MERGED from [:app-release] AndroidManifest.xml:20:5-67
MERGED from [:app-release] AndroidManifest.xml:20:5-67
MERGED from [:custom_browser] AndroidManifest.xml:14:5-67
MERGED from [:custom_browser] AndroidManifest.xml:14:5-67
	android:name
		ADDED from src\main\AndroidManifest.xml:14:22-64
uses-permission#android.permission.WRITE_INTERNAL_STORAGE
ADDED from src\main\AndroidManifest.xml:15:5-81
	android:name
		ADDED from src\main\AndroidManifest.xml:15:22-78
uses-permission#android.permission.CAMERA
ADDED from src\main\AndroidManifest.xml:16:5-65
	android:name
		ADDED from src\main\AndroidManifest.xml:16:22-62
uses-permission#android.permission.READ_CONTACTS
ADDED from src\main\AndroidManifest.xml:17:5-72
	android:name
		ADDED from src\main\AndroidManifest.xml:17:22-69
uses-permission#android.permission.WRITE_CONTACTS
ADDED from src\main\AndroidManifest.xml:18:5-73
	android:name
		ADDED from src\main\AndroidManifest.xml:18:22-70
uses-permission#android.permission.WRITE_EXTERNAL_STORAGE
ADDED from src\main\AndroidManifest.xml:19:5-81
	android:name
		ADDED from src\main\AndroidManifest.xml:19:22-78
uses-permission#android.permission.READ_EXTERNAL_STORAGE
ADDED from src\main\AndroidManifest.xml:20:5-80
	android:name
		ADDED from src\main\AndroidManifest.xml:20:22-77
uses-permission#android.permission.MANAGE_ACCOUNTS
ADDED from src\main\AndroidManifest.xml:21:5-74
	android:name
		ADDED from src\main\AndroidManifest.xml:21:22-71
uses-permission#android.permission.AUTHENTICATE_ACCOUNTS
ADDED from src\main\AndroidManifest.xml:22:5-80
	android:name
		ADDED from src\main\AndroidManifest.xml:22:22-77
uses-permission#android.permission.WRITE_SYNC_SETTINGS
ADDED from src\main\AndroidManifest.xml:23:5-78
	android:name
		ADDED from src\main\AndroidManifest.xml:23:22-75
uses-permission#android.permission.CALL_PHONE
ADDED from src\main\AndroidManifest.xml:24:5-69
	android:name
		ADDED from src\main\AndroidManifest.xml:24:22-66
uses-permission#android.permission.MODIFY_AUDIO_SETTINGS
ADDED from src\main\AndroidManifest.xml:25:5-80
	android:name
		ADDED from src\main\AndroidManifest.xml:25:22-77
uses-permission#android.permission.RECORD_AUDIO
ADDED from src\main\AndroidManifest.xml:26:5-71
	android:name
		ADDED from src\main\AndroidManifest.xml:26:22-68
uses-feature#android.hardware.camera2
ADDED from src\main\AndroidManifest.xml:27:5-61